<?xml version="1.0" encoding="UTF-8"?>
<!-- Generated by org.testng.reporters.JUnitXMLReporter -->
<testsuite ignored="0" hostname="ATMECSINDT-012" failures="1" tests="4" name="DemoQA Web Page Test Cases" time="98.817" errors="0" timestamp="2019-08-23T18:28:08 IST">
  <testcase classname="com.atmecs.Scripts" name="selectProduct" time="13.231"/>
  <testcase classname="com.atmecs.Scripts" name="selectProduct" time="9.614"/>
  <testcase classname="com.atmecs.Scripts" name="clickOnCart" time="7.405"/>
  <testcase classname="com.atmecs.Scripts" name="getTableCount" time="0.04">
    <failure type="java.lang.AssertionError" message="products are added to cart expected [2] but found [1]">
      <![CDATA[java.lang.AssertionError: products are added to cart expected [2] but found [1]
at com.atmecs.Scripts.getTableCount(Scripts.java:43)
at java.base/java.util.ArrayList.forEach(ArrayList.java:1540)
... Removed 31 stack frames]]>
    </failure>
  </testcase> <!-- getTableCount -->
</testsuite> <!-- DemoQA Web Page Test Cases -->
